<?xml version="1.0" encoding="UTF-8"?>
<!-- Generated by org.testng.reporters.JUnitXMLReporter -->
<testsuite ignored="0" hostname="LAPTOP-US9BPS3T" failures="0" tests="8" name="Web Testing Saucedemo" time="50.799" errors="0" timestamp="2022-08-23T18:04:49 IDT">
  <testcase classname="sanity.SaucedemoWeb" name="test01_verifyTitle" time="2.463"/>
  <testcase classname="sanity.SaucedemoWeb" name="test02_VerifyProductList" time="0.158"/>
  <testcase classname="sanity.SaucedemoWeb" name="test03_addToCartAndVerify" time="2.643"/>
  <testcase classname="sanity.SaucedemoWeb" name="test04_checkoutAndVerify" time="1.347"/>
  <testcase classname="sanity.SaucedemoWeb" name="test05_loginWithDDTAndVerify" time="5.955"/>
  <testcase classname="sanity.SaucedemoWeb" name="test05_loginWithDDTAndVerify" time="6.747"/>
  <testcase classname="sanity.SaucedemoWeb" name="test05_loginWithDDTAndVerify" time="6.007"/>
  <testcase classname="sanity.SaucedemoWeb" name="test05_loginWithDDTAndVerify" time="10.872"/>
</testsuite> <!-- Web Testing Saucedemo -->
