<?xml version="1.0" encoding="UTF-8"?>
<!-- Generated by org.testng.reporters.JUnitXMLReporter -->
<testsuite ignored="0" hostname="LAPTOP-US9BPS3T" failures="0" tests="8" name="Web Testing Saucedemo" time="54.597" errors="0" timestamp="2022-08-21T22:43:04 IDT">
  <testcase classname="sanity.SaucedemoWeb" name="test01_verifyTitle" time="2.779"/>
  <testcase classname="sanity.SaucedemoWeb" name="test02_VerifyProductList" time="0.249"/>
  <testcase classname="sanity.SaucedemoWeb" name="test03_addToCartAndVerify" time="2.732"/>
  <testcase classname="sanity.SaucedemoWeb" name="test04_checkoutAndVerify" time="1.361"/>
  <testcase classname="sanity.SaucedemoWeb" name="test05_loginWithDDTAndVerify" time="6.011"/>
  <testcase classname="sanity.SaucedemoWeb" name="test05_loginWithDDTAndVerify" time="6.22"/>
  <testcase classname="sanity.SaucedemoWeb" name="test05_loginWithDDTAndVerify" time="6.448"/>
  <testcase classname="sanity.SaucedemoWeb" name="test05_loginWithDDTAndVerify" time="11.472"/>
</testsuite> <!-- Web Testing Saucedemo -->
