<?xml version="1.0" encoding="UTF-8"?>
<!-- Generated by org.testng.reporters.JUnitXMLReporter -->
<testsuite ignored="0" hostname="LAPTOP-US9BPS3T" failures="0" tests="7" name="Desktop Testing Calculator" time="96.514" errors="0" timestamp="2022-09-14T20:21:00 IDT">
  <testcase classname="sanity.CalculatorDesktop" name="test01_verifyAdding" time="11.645"/>
  <testcase classname="sanity.CalculatorDesktop" name="test02_verifySubtraction" time="11.009"/>
  <testcase classname="sanity.CalculatorDesktop" name="test03_verifyMultiplying" time="10.767"/>
  <testcase classname="sanity.CalculatorDesktop" name="test04_verifyDividing" time="11.176"/>
  <testcase classname="sanity.CalculatorDesktop" name="test05_verifyDeleting" time="5.429"/>
  <testcase classname="sanity.CalculatorDesktop" name="test06_verifyMultiDigitNumber" time="6.241"/>
  <testcase classname="sanity.CalculatorDesktop" name="test07_verifyMemory" time="13.176"/>
</testsuite> <!-- Desktop Testing Calculator -->
