<?xml version="1.0" encoding="UTF-8"?>
<testsuite xmlns:xsi="http://www.w3.org/2001/XMLSchema-instance" xsi:noNamespaceSchemaLocation="https://maven.apache.org/surefire/maven-surefire-plugin/xsd/surefire-test-report.xsd" name="TestSuite" time="100.322" tests="7" errors="0" skipped="0" failures="0">
  <properties>
[...]
</properties>
  <testcase name="test01_verifyAdding" classname="sanity.CalculatorDesktop" time="11.681"/>
  <testcase name="test02_verifySubtraction" classname="sanity.CalculatorDesktop" time="11"/>
  <testcase name="test03_verifyMultiplying" classname="sanity.CalculatorDesktop" time="10.75"/>
  <testcase name="test04_verifyDividing" classname="sanity.CalculatorDesktop" time="11.164"/>
  <testcase name="test05_verifyDeleting" classname="sanity.CalculatorDesktop" time="5.424"/>
  <testcase name="test06_verifyMultiDigitNumber" classname="sanity.CalculatorDesktop" time="6.194"/>
  <testcase name="test07_verifyMemory" classname="sanity.CalculatorDesktop" time="13.168"/>
</testsuite>