<?xml version="1.0" encoding="UTF-8"?>
<testng-results ignored="0" total="7" passed="7" failed="0" skipped="0">
  <reporter-output>
  </reporter-output>
  <suite started-at="2022-09-14T20:19:23 IDT" name="Suite Desktop Testing" finished-at="2022-09-14T20:21:00 IDT" duration-ms="96514">
    <groups>
    </groups>
    <test started-at="2022-09-14T20:19:23 IDT" name="Desktop Testing Calculator" finished-at="2022-09-14T20:21:00 IDT" duration-ms="96514">
      <class name="sanity.CalculatorDesktop">
        <test-method is-config="true" signature="startSession(java.lang.String)[pri:0, instance:sanity.CalculatorDesktop@1a3e5f23]" started-at="2022-09-14T20:19:24 IDT" name="startSession" finished-at="2022-09-14T20:19:28 IDT" duration-ms="4934" status="PASS">
          <params>
            <param index="0">
              <value>
                <![CDATA[desktop]]>
              </value>
            </param>
          </params>
          <reporter-output>
          </reporter-output>
        </test-method> <!-- startSession -->
        <test-method is-config="true" signature="beforeMethod(java.lang.reflect.Method)[pri:0, instance:sanity.CalculatorDesktop@1a3e5f23]" started-at="2022-09-14T20:19:29 IDT" name="beforeMethod" finished-at="2022-09-14T20:19:34 IDT" duration-ms="5133" status="PASS">
          <params>
            <param index="0">
              <value>
                <![CDATA[public static void sanity.CalculatorDesktop.test01_verifyAdding()]]>
              </value>
            </param>
          </params>
          <reporter-output>
          </reporter-output>
        </test-method> <!-- beforeMethod -->
        <test-method signature="test01_verifyAdding()[pri:0, instance:sanity.CalculatorDesktop@1a3e5f23]" started-at="2022-09-14T20:19:34 IDT" name="test01_verifyAdding" description="Test01 - Verifies Adding Action" finished-at="2022-09-14T20:19:46 IDT" duration-ms="11645" status="PASS">
          <reporter-output>
          </reporter-output>
        </test-method> <!-- test01_verifyAdding -->
        <test-method is-config="true" signature="beforeMethod(java.lang.reflect.Method)[pri:0, instance:sanity.CalculatorDesktop@1a3e5f23]" started-at="2022-09-14T20:19:46 IDT" name="beforeMethod" finished-at="2022-09-14T20:19:48 IDT" duration-ms="2449" status="PASS">
          <params>
            <param index="0">
              <value>
                <![CDATA[public static void sanity.CalculatorDesktop.test02_verifySubtraction()]]>
              </value>
            </param>
          </params>
          <reporter-output>
          </reporter-output>
        </test-method> <!-- beforeMethod -->
        <test-method signature="test02_verifySubtraction()[pri:0, instance:sanity.CalculatorDesktop@1a3e5f23]" started-at="2022-09-14T20:19:48 IDT" name="test02_verifySubtraction" description="Test02- Verifies Subtraction Action" finished-at="2022-09-14T20:19:59 IDT" duration-ms="11009" status="PASS">
          <reporter-output>
          </reporter-output>
        </test-method> <!-- test02_verifySubtraction -->
        <test-method is-config="true" signature="beforeMethod(java.lang.reflect.Method)[pri:0, instance:sanity.CalculatorDesktop@1a3e5f23]" started-at="2022-09-14T20:20:00 IDT" name="beforeMethod" finished-at="2022-09-14T20:20:02 IDT" duration-ms="2360" status="PASS">
          <params>
            <param index="0">
              <value>
                <![CDATA[public static void sanity.CalculatorDesktop.test03_verifyMultiplying()]]>
              </value>
            </param>
          </params>
          <reporter-output>
          </reporter-output>
        </test-method> <!-- beforeMethod -->
        <test-method signature="test03_verifyMultiplying()[pri:0, instance:sanity.CalculatorDesktop@1a3e5f23]" started-at="2022-09-14T20:20:02 IDT" name="test03_verifyMultiplying" description="Test03 - Verifies Multiplying Action" finished-at="2022-09-14T20:20:13 IDT" duration-ms="10767" status="PASS">
          <reporter-output>
          </reporter-output>
        </test-method> <!-- test03_verifyMultiplying -->
        <test-method is-config="true" signature="beforeMethod(java.lang.reflect.Method)[pri:0, instance:sanity.CalculatorDesktop@1a3e5f23]" started-at="2022-09-14T20:20:13 IDT" name="beforeMethod" finished-at="2022-09-14T20:20:15 IDT" duration-ms="2370" status="PASS">
          <params>
            <param index="0">
              <value>
                <![CDATA[public static void sanity.CalculatorDesktop.test04_verifyDividing()]]>
              </value>
            </param>
          </params>
          <reporter-output>
          </reporter-output>
        </test-method> <!-- beforeMethod -->
        <test-method signature="test04_verifyDividing()[pri:0, instance:sanity.CalculatorDesktop@1a3e5f23]" started-at="2022-09-14T20:20:15 IDT" name="test04_verifyDividing" description="Test04 - Verifies Dividing Action" finished-at="2022-09-14T20:20:26 IDT" duration-ms="11176" status="PASS">
          <reporter-output>
          </reporter-output>
        </test-method> <!-- test04_verifyDividing -->
        <test-method is-config="true" signature="beforeMethod(java.lang.reflect.Method)[pri:0, instance:sanity.CalculatorDesktop@1a3e5f23]" started-at="2022-09-14T20:20:27 IDT" name="beforeMethod" finished-at="2022-09-14T20:20:29 IDT" duration-ms="2375" status="PASS">
          <params>
            <param index="0">
              <value>
                <![CDATA[public static void sanity.CalculatorDesktop.test05_verifyDeleting()]]>
              </value>
            </param>
          </params>
          <reporter-output>
          </reporter-output>
        </test-method> <!-- beforeMethod -->
        <test-method signature="test05_verifyDeleting()[pri:0, instance:sanity.CalculatorDesktop@1a3e5f23]" started-at="2022-09-14T20:20:29 IDT" name="test05_verifyDeleting" description="Test05 - Verifies Deleting Action" finished-at="2022-09-14T20:20:34 IDT" duration-ms="5429" status="PASS">
          <reporter-output>
          </reporter-output>
        </test-method> <!-- test05_verifyDeleting -->
        <test-method is-config="true" signature="beforeMethod(java.lang.reflect.Method)[pri:0, instance:sanity.CalculatorDesktop@1a3e5f23]" started-at="2022-09-14T20:20:35 IDT" name="beforeMethod" finished-at="2022-09-14T20:20:38 IDT" duration-ms="2856" status="PASS">
          <params>
            <param index="0">
              <value>
                <![CDATA[public static void sanity.CalculatorDesktop.test06_verifyMultiDigitNumber()]]>
              </value>
            </param>
          </params>
          <reporter-output>
          </reporter-output>
        </test-method> <!-- beforeMethod -->
        <test-method signature="test06_verifyMultiDigitNumber()[pri:0, instance:sanity.CalculatorDesktop@1a3e5f23]" started-at="2022-09-14T20:20:38 IDT" name="test06_verifyMultiDigitNumber" description="Test06 - Verifies Inserting Multi-digit Number" finished-at="2022-09-14T20:20:44 IDT" duration-ms="6241" status="PASS">
          <reporter-output>
          </reporter-output>
        </test-method> <!-- test06_verifyMultiDigitNumber -->
        <test-method is-config="true" signature="beforeMethod(java.lang.reflect.Method)[pri:0, instance:sanity.CalculatorDesktop@1a3e5f23]" started-at="2022-09-14T20:20:44 IDT" name="beforeMethod" finished-at="2022-09-14T20:20:46 IDT" duration-ms="2533" status="PASS">
          <params>
            <param index="0">
              <value>
                <![CDATA[public static void sanity.CalculatorDesktop.test07_verifyMemory()]]>
              </value>
            </param>
          </params>
          <reporter-output>
          </reporter-output>
        </test-method> <!-- beforeMethod -->
        <test-method signature="test07_verifyMemory()[pri:0, instance:sanity.CalculatorDesktop@1a3e5f23]" started-at="2022-09-14T20:20:46 IDT" name="test07_verifyMemory" description="Test07 - Verifies Using Memory Buttons" finished-at="2022-09-14T20:21:00 IDT" duration-ms="13176" status="PASS">
          <reporter-output>
          </reporter-output>
        </test-method> <!-- test07_verifyMemory -->
        <test-method is-config="true" signature="closeSession()[pri:0, instance:sanity.CalculatorDesktop@1a3e5f23]" started-at="2022-09-14T20:21:00 IDT" name="closeSession" finished-at="2022-09-14T20:21:00 IDT" duration-ms="112" status="PASS">
          <reporter-output>
          </reporter-output>
        </test-method> <!-- closeSession -->
      </class> <!-- sanity.CalculatorDesktop -->
    </test> <!-- Desktop Testing Calculator -->
  </suite> <!-- Suite Desktop Testing -->
</testng-results>
