<?xml version="1.0" encoding="UTF-8"?>
<testsuite xmlns:xsi="http://www.w3.org/2001/XMLSchema-instance" xsi:noNamespaceSchemaLocation="https://maven.apache.org/surefire/maven-surefire-plugin/xsd/surefire-test-report.xsd" name="TestSuite" time="58.309" tests="8" errors="0" skipped="0" failures="0">
  <properties>
[...]
</properties>
  <testcase name="test01_verifyTitle" classname="sanity.SaucedemoWeb" time="2.843"/>
  <testcase name="test02_VerifyProductList" classname="sanity.SaucedemoWeb" time="0.28"/>
  <testcase name="test03_addToCartAndVerify" classname="sanity.SaucedemoWeb" time="2.737"/>
  <testcase name="test04_checkoutAndVerify" classname="sanity.SaucedemoWeb" time="1.36"/>
  <testcase name="test05_loginWithDDTAndVerify" classname="sanity.SaucedemoWeb" time="6.016"/>
  <testcase name="test05_loginWithDDTAndVerify" classname="sanity.SaucedemoWeb" time="6.222"/>
  <testcase name="test05_loginWithDDTAndVerify" classname="sanity.SaucedemoWeb" time="6.475"/>
  <testcase name="test05_loginWithDDTAndVerify" classname="sanity.SaucedemoWeb" time="11.49"/>
</testsuite>